Flow report for CRC_8_AUTOSTAR
Sat Dec 05 01:51:08 2020
Quartus Prime Version 20.1.0 Build 711 06/05/2020 SJ Lite Edition


---------------------
; Table of Contents ;
---------------------
  1. Legal Notice
  2. Flow Summary
  3. Flow Settings
  4. Flow Non-Default Global Settings
  5. Flow Elapsed Time
  6. Flow OS Summary
  7. Flow Log
  8. Flow Messages
  9. Flow Suppressed Messages



----------------
; Legal Notice ;
----------------
Copyright (C) 2020  Intel Corporation. All rights reserved.
Your use of Intel Corporation's design tools, logic functions 
and other software and tools, and any partner logic 
functions, and any output files from any of the foregoing 
(including device programming or simulation files), and any 
associated documentation or information are expressly subject 
to the terms and conditions of the Intel Program License 
Subscription Agreement, the Intel Quartus Prime License Agreement,
the Intel FPGA IP License Agreement, or other applicable license
agreement, including, without limitation, that your use is for
the sole purpose of programming logic devices manufactured by
Intel and sold by Intel or its authorized distributors.  Please
refer to the applicable agreement for further details, at
https://fpgasoftware.intel.com/eula.



+----------------------------------------------------------------------------------+
; Flow Summary                                                                     ;
+------------------------------------+---------------------------------------------+
; Flow Status                        ; Successful - Sat Dec 05 01:51:08 2020       ;
; Quartus Prime Version              ; 20.1.0 Build 711 06/05/2020 SJ Lite Edition ;
; Revision Name                      ; CRC_8_AUTOSTAR                              ;
; Top-level Entity Name              ; CRC_8_Encoder                               ;
; Family                             ; Cyclone IV GX                               ;
; Total logic elements               ; 16 / 14,400 ( < 1 % )                       ;
;     Total combinational functions  ; 16 / 14,400 ( < 1 % )                       ;
;     Dedicated logic registers      ; 0 / 14,400 ( 0 % )                          ;
; Total registers                    ; 0                                           ;
; Total pins                         ; 24 / 81 ( 30 % )                            ;
; Total virtual pins                 ; 0                                           ;
; Total memory bits                  ; 0 / 552,960 ( 0 % )                         ;
; Embedded Multiplier 9-bit elements ; 0                                           ;
; Total GXB Receiver Channel PCS     ; 0 / 2 ( 0 % )                               ;
; Total GXB Receiver Channel PMA     ; 0 / 2 ( 0 % )                               ;
; Total GXB Transmitter Channel PCS  ; 0 / 2 ( 0 % )                               ;
; Total GXB Transmitter Channel PMA  ; 0 / 2 ( 0 % )                               ;
; Total PLLs                         ; 0 / 3 ( 0 % )                               ;
; Device                             ; EP4CGX15BF14C6                              ;
; Timing Models                      ; Final                                       ;
+------------------------------------+---------------------------------------------+


+-----------------------------------------+
; Flow Settings                           ;
+-------------------+---------------------+
; Option            ; Setting             ;
+-------------------+---------------------+
; Start date & time ; 12/05/2020 01:43:39 ;
; Main task         ; Compilation         ;
; Revision Name     ; CRC_8_AUTOSTAR      ;
+-------------------+---------------------+


+---------------------------------------------------------------------------------------------------------------------------------------------------+
; Flow Non-Default Global Settings                                                                                                                  ;
+-------------------------------------+----------------------------------------+----------------+---------------+-----------------------------------+
; Assignment Name                     ; Value                                  ; Default Value  ; Entity Name   ; Section Id                        ;
+-------------------------------------+----------------------------------------+----------------+---------------+-----------------------------------+
; COMPILER_SIGNATURE_ID               ; 10995770589187.160713261915028         ; --             ; --            ; --                                ;
; EDA_GENERATE_FUNCTIONAL_NETLIST     ; Off                                    ; --             ; --            ; eda_board_design_timing           ;
; EDA_GENERATE_FUNCTIONAL_NETLIST     ; Off                                    ; --             ; --            ; eda_board_design_boundary_scan    ;
; EDA_GENERATE_FUNCTIONAL_NETLIST     ; Off                                    ; --             ; --            ; eda_board_design_signal_integrity ;
; EDA_GENERATE_FUNCTIONAL_NETLIST     ; Off                                    ; --             ; --            ; eda_board_design_symbol           ;
; EDA_OUTPUT_DATA_FORMAT              ; Vhdl                                   ; --             ; --            ; eda_simulation                    ;
; EDA_SIMULATION_TOOL                 ; ModelSim-Altera (VHDL)                 ; <None>         ; --            ; --                                ;
; EDA_TIME_SCALE                      ; 1 ps                                   ; --             ; --            ; eda_simulation                    ;
; PARTITION_COLOR                     ; -- (Not supported for targeted family) ; --             ; CRC_8_Encoder ; Top                               ;
; PARTITION_FITTER_PRESERVATION_LEVEL ; -- (Not supported for targeted family) ; --             ; CRC_8_Encoder ; Top                               ;
; PARTITION_NETLIST_TYPE              ; -- (Not supported for targeted family) ; --             ; CRC_8_Encoder ; Top                               ;
; PROJECT_OUTPUT_DIRECTORY            ; output_files                           ; --             ; --            ; --                                ;
; TOP_LEVEL_ENTITY                    ; CRC_8_Encoder                          ; CRC_8_AUTOSTAR ; --            ; --                                ;
+-------------------------------------+----------------------------------------+----------------+---------------+-----------------------------------+


+--------------------------------------------------------------------------------------------------------------------------+
; Flow Elapsed Time                                                                                                        ;
+----------------------+--------------+-------------------------+---------------------+------------------------------------+
; Module Name          ; Elapsed Time ; Average Processors Used ; Peak Virtual Memory ; Total CPU Time (on all processors) ;
+----------------------+--------------+-------------------------+---------------------+------------------------------------+
; Analysis & Synthesis ; 00:00:42     ; 1.0                     ; 4851 MB             ; 00:00:27                           ;
; Fitter               ; 00:00:14     ; 1.0                     ; 5584 MB             ; 00:00:05                           ;
; Assembler            ; 00:00:01     ; 1.0                     ; 4752 MB             ; 00:00:01                           ;
; Timing Analyzer      ; 00:00:04     ; 1.0                     ; 4756 MB             ; 00:00:02                           ;
; EDA Netlist Writer   ; 00:00:01     ; 1.0                     ; 4709 MB             ; 00:00:01                           ;
; EDA Netlist Writer   ; 00:00:01     ; 1.0                     ; 4704 MB             ; 00:00:01                           ;
; EDA Netlist Writer   ; 00:00:01     ; 1.0                     ; 4708 MB             ; 00:00:01                           ;
; EDA Netlist Writer   ; 00:00:01     ; 1.0                     ; 4704 MB             ; 00:00:01                           ;
; EDA Netlist Writer   ; 00:00:01     ; 1.0                     ; 4708 MB             ; 00:00:01                           ;
; EDA Netlist Writer   ; 00:00:01     ; 1.0                     ; 4704 MB             ; 00:00:01                           ;
; EDA Netlist Writer   ; 00:00:00     ; 1.0                     ; 4708 MB             ; 00:00:01                           ;
; EDA Netlist Writer   ; 00:00:01     ; 1.0                     ; 4704 MB             ; 00:00:01                           ;
; EDA Netlist Writer   ; 00:00:00     ; 1.0                     ; 4708 MB             ; 00:00:01                           ;
; EDA Netlist Writer   ; 00:00:01     ; 1.0                     ; 4704 MB             ; 00:00:01                           ;
; EDA Netlist Writer   ; 00:00:01     ; 1.0                     ; 4708 MB             ; 00:00:01                           ;
; EDA Netlist Writer   ; 00:00:01     ; 1.0                     ; 4704 MB             ; 00:00:01                           ;
; EDA Netlist Writer   ; 00:00:01     ; 1.0                     ; 4708 MB             ; 00:00:01                           ;
; EDA Netlist Writer   ; 00:00:00     ; 1.0                     ; 4704 MB             ; 00:00:01                           ;
; EDA Netlist Writer   ; 00:00:01     ; 1.0                     ; 4704 MB             ; 00:00:01                           ;
; EDA Netlist Writer   ; 00:00:01     ; 1.0                     ; 4708 MB             ; 00:00:01                           ;
; Total                ; 00:01:14     ; --                      ; --                  ; 00:00:51                           ;
+----------------------+--------------+-------------------------+---------------------+------------------------------------+


+------------------------------------------------------------------------------------+
; Flow OS Summary                                                                    ;
+----------------------+------------------+------------+------------+----------------+
; Module Name          ; Machine Hostname ; OS Name    ; OS Version ; Processor type ;
+----------------------+------------------+------------+------------+----------------+
; Analysis & Synthesis ; DESKTOP-GF1QKF7  ; Windows 10 ; 10.0       ; x86_64         ;
; Fitter               ; DESKTOP-GF1QKF7  ; Windows 10 ; 10.0       ; x86_64         ;
; Assembler            ; DESKTOP-GF1QKF7  ; Windows 10 ; 10.0       ; x86_64         ;
; Timing Analyzer      ; DESKTOP-GF1QKF7  ; Windows 10 ; 10.0       ; x86_64         ;
; EDA Netlist Writer   ; DESKTOP-GF1QKF7  ; Windows 10 ; 10.0       ; x86_64         ;
; EDA Netlist Writer   ; DESKTOP-GF1QKF7  ; Windows 10 ; 10.0       ; x86_64         ;
; EDA Netlist Writer   ; DESKTOP-GF1QKF7  ; Windows 10 ; 10.0       ; x86_64         ;
; EDA Netlist Writer   ; DESKTOP-GF1QKF7  ; Windows 10 ; 10.0       ; x86_64         ;
; EDA Netlist Writer   ; DESKTOP-GF1QKF7  ; Windows 10 ; 10.0       ; x86_64         ;
; EDA Netlist Writer   ; DESKTOP-GF1QKF7  ; Windows 10 ; 10.0       ; x86_64         ;
; EDA Netlist Writer   ; DESKTOP-GF1QKF7  ; Windows 10 ; 10.0       ; x86_64         ;
; EDA Netlist Writer   ; DESKTOP-GF1QKF7  ; Windows 10 ; 10.0       ; x86_64         ;
; EDA Netlist Writer   ; DESKTOP-GF1QKF7  ; Windows 10 ; 10.0       ; x86_64         ;
; EDA Netlist Writer   ; DESKTOP-GF1QKF7  ; Windows 10 ; 10.0       ; x86_64         ;
; EDA Netlist Writer   ; DESKTOP-GF1QKF7  ; Windows 10 ; 10.0       ; x86_64         ;
; EDA Netlist Writer   ; DESKTOP-GF1QKF7  ; Windows 10 ; 10.0       ; x86_64         ;
; EDA Netlist Writer   ; DESKTOP-GF1QKF7  ; Windows 10 ; 10.0       ; x86_64         ;
; EDA Netlist Writer   ; DESKTOP-GF1QKF7  ; Windows 10 ; 10.0       ; x86_64         ;
; EDA Netlist Writer   ; DESKTOP-GF1QKF7  ; Windows 10 ; 10.0       ; x86_64         ;
; EDA Netlist Writer   ; DESKTOP-GF1QKF7  ; Windows 10 ; 10.0       ; x86_64         ;
+----------------------+------------------+------------+------------+----------------+


------------
; Flow Log ;
------------
quartus_map --read_settings_files=on --write_settings_files=off CRC_8_AUTOSTAR -c CRC_8_AUTOSTAR
quartus_fit --read_settings_files=off --write_settings_files=off CRC_8_AUTOSTAR -c CRC_8_AUTOSTAR
quartus_asm --read_settings_files=off --write_settings_files=off CRC_8_AUTOSTAR -c CRC_8_AUTOSTAR
quartus_sta CRC_8_AUTOSTAR -c CRC_8_AUTOSTAR
quartus_eda --read_settings_files=off --write_settings_files=off CRC_8_AUTOSTAR -c CRC_8_AUTOSTAR
quartus_eda --gen_testbench --tool=modelsim_oem --format=vhdl --write_settings_files=off CRC_8_AUTOSTAR -c CRC_8_AUTOSTAR --vector_source="C:/Users/Paulo Pinho/Desktop/ACA/proj/Waveform.vwf" --testbench_file="C:/Users/Paulo Pinho/Desktop/ACA/proj/simulation/qsim/Waveform.vwf.vht"
quartus_eda --write_settings_files=off --simulation=on --functional=on --flatten_buses=off --tool=modelsim_oem --format=vhdl --output_directory="C:/Users/Paulo Pinho/Desktop/ACA/proj/simulation/qsim/" CRC_8_AUTOSTAR -c CRC_8_AUTOSTAR
quartus_eda --gen_testbench --tool=modelsim_oem --format=vhdl --write_settings_files=off CRC_8_AUTOSTAR -c CRC_8_AUTOSTAR --vector_source="C:/Users/Paulo Pinho/Desktop/ACA/proj/Waveform.vwf" --testbench_file="C:/Users/Paulo Pinho/Desktop/ACA/proj/simulation/qsim/Waveform.vwf.vht"
quartus_eda --write_settings_files=off --simulation=on --functional=on --flatten_buses=off --tool=modelsim_oem --format=vhdl --output_directory="C:/Users/Paulo Pinho/Desktop/ACA/proj/simulation/qsim/" CRC_8_AUTOSTAR -c CRC_8_AUTOSTAR
quartus_eda --gen_testbench --tool=modelsim_oem --format=vhdl --write_settings_files=off CRC_8_AUTOSTAR -c CRC_8_AUTOSTAR --vector_source="C:/Users/Paulo Pinho/Desktop/ACA/proj/Waveform.vwf" --testbench_file="C:/Users/Paulo Pinho/Desktop/ACA/proj/simulation/qsim/Waveform.vwf.vht"
quartus_eda --write_settings_files=off --simulation=on --functional=on --flatten_buses=off --tool=modelsim_oem --format=vhdl --output_directory="C:/Users/Paulo Pinho/Desktop/ACA/proj/simulation/qsim/" CRC_8_AUTOSTAR -c CRC_8_AUTOSTAR
quartus_eda --gen_testbench --tool=modelsim_oem --format=vhdl --write_settings_files=off CRC_8_AUTOSTAR -c CRC_8_AUTOSTAR --vector_source="C:/Users/Paulo Pinho/Desktop/ACA/proj/Waveform.vwf" --testbench_file="C:/Users/Paulo Pinho/Desktop/ACA/proj/simulation/qsim/Waveform.vwf.vht"
quartus_eda --write_settings_files=off --simulation=on --functional=on --flatten_buses=off --tool=modelsim_oem --format=vhdl --output_directory="C:/Users/Paulo Pinho/Desktop/ACA/proj/simulation/qsim/" CRC_8_AUTOSTAR -c CRC_8_AUTOSTAR
quartus_eda --gen_testbench --tool=modelsim_oem --format=vhdl --write_settings_files=off CRC_8_AUTOSTAR -c CRC_8_AUTOSTAR --vector_source="C:/Users/Paulo Pinho/Desktop/ACA/proj/Waveform.vwf" --testbench_file="C:/Users/Paulo Pinho/Desktop/ACA/proj/simulation/qsim/Waveform.vwf.vht"
quartus_eda --write_settings_files=off --simulation=on --functional=on --flatten_buses=off --tool=modelsim_oem --format=vhdl --output_directory="C:/Users/Paulo Pinho/Desktop/ACA/proj/simulation/qsim/" CRC_8_AUTOSTAR -c CRC_8_AUTOSTAR
quartus_eda --gen_testbench --tool=modelsim_oem --format=vhdl --write_settings_files=off CRC_8_AUTOSTAR -c CRC_8_AUTOSTAR --vector_source="C:/Users/Paulo Pinho/Desktop/ACA/proj/Waveform.vwf" --testbench_file="C:/Users/Paulo Pinho/Desktop/ACA/proj/simulation/qsim/Encoder.vwf.vht"
quartus_eda --write_settings_files=off --simulation=on --functional=on --flatten_buses=off --tool=modelsim_oem --format=vhdl --output_directory="C:/Users/Paulo Pinho/Desktop/ACA/proj/simulation/qsim/" CRC_8_AUTOSTAR -c CRC_8_AUTOSTAR
quartus_eda --gen_testbench --tool=modelsim_oem --format=vhdl --write_settings_files=off CRC_8_AUTOSTAR -c CRC_8_AUTOSTAR --vector_source="C:/Users/Paulo Pinho/Desktop/ACA/proj/Waveform.vwf" --testbench_file="C:/Users/Paulo Pinho/Desktop/ACA/proj/simulation/qsim/Encoder.vwf.vht"
quartus_eda --gen_testbench --tool=modelsim_oem --format=vhdl --write_settings_files=off CRC_8_AUTOSTAR -c CRC_8_AUTOSTAR --vector_source="C:/Users/Paulo Pinho/Desktop/ACA/proj/Encoder.vwf" --testbench_file="C:/Users/Paulo Pinho/Desktop/ACA/proj/simulation/qsim/Encoder.vwf.vht"
quartus_eda --write_settings_files=off --simulation=on --functional=on --flatten_buses=off --tool=modelsim_oem --format=vhdl --output_directory="C:/Users/Paulo Pinho/Desktop/ACA/proj/simulation/qsim/" CRC_8_AUTOSTAR -c CRC_8_AUTOSTAR



